<?xml version="1.0" encoding="UTF-8"?>
<!-- Generated by org.testng.reporters.JUnitXMLReporter -->
<testsuite ignored="0" hostname="DESKTOP-10GO1LG" failures="1" tests="1" name="Login Tests" time="23.126" errors="0" timestamp="2026-09-09T22:30:48 IST">
  <testcase classname="com.qa.tests.LoginTest" name="testLoginButtonVisibility" time="20.187">
    <failure type="org.openqa.selenium.TimeoutException" message="Expected condition failed: waiting for visibility of Proxy element for: DefaultElementLocator &amp;apos;By.id: safe-login-button-placeholder&amp;apos; (tried for 10 second(s) with 500 milliseconds interval)">
      <![CDATA[org.openqa.selenium.TimeoutException: Expected condition failed: waiting for visibility of Proxy element for: DefaultElementLocator 'By.id: safe-login-button-placeholder' (tried for 10 second(s) with 500 milliseconds interval)
at org.openqa.selenium.support.ui.WebDriverWait.timeoutException(WebDriverWait.java:84)
at org.openqa.selenium.support.ui.FluentWait.until(FluentWait.java:228)
at com.qa.utils.WaitHelper.waitForVisibility(WaitHelper.java:26)
at com.qa.pages.LoginPage.isLoginButtonDisplayed(LoginPage.java:23)
at com.qa.tests.LoginTest.testLoginButtonVisibility(LoginTest.java:14)
at java.base/java.util.ArrayList.forEach(ArrayList.java:1511)
Caused by: org.openqa.selenium.NoSuchElementException: no such element: Unable to locate element: {"method":"css selector","selector":"#safe\-login\-button\-placeholder"}
  (Session info: chrome=152.0.7977.83)
For documentation on this error, please visit: https://www.selenium.dev/documentation/webdriver/troubleshooting/errors#no-such-element-exception
Build info: version: '4.18.1', revision: 'b1d3319b48'
System info: os.name: 'Windows 10', os.arch: 'amd64', os.version: '10.0', java.version: '17.0.18'
Driver info: org.openqa.selenium.chrome.ChromeDriver
Command: [713a09678f312bec9912ecc91c1b645a, findElement {value=safe-login-button-placeholder, using=id}]
Capabilities {acceptInsecureCerts: false, browserName: chrome, browserVersion: 152.0.7977.83, chrome: {chromedriverVersion: 152.0.7977.82 (d04cdb24d67b..., userDataDir: C:\PROGRA~1\KMSpico\temp\sc...}, fedcm:accounts: true, goog:chromeOptions: {debuggerAddress: localhost:54936}, goog:processID: 12364, networkConnectionEnabled: false, pageLoadStrategy: normal, platformName: windows, proxy: Proxy(), se:cdp: ws://localhost:54936/devtoo..., se:cdpVersion: 152.0.7977.83, setWindowRect: true, strictFileInteractability: false, timeouts: {implicit: 0, pageLoad: 300000, script: 30000}, unhandledPromptBehavior: dismiss and notify, webauthn:extension:credBlob: true, webauthn:extension:largeBlob: true, webauthn:extension:minPinLength: true, webauthn:extension:prf: true, webauthn:virtualAuthenticators: true}
Session ID: 713a09678f312bec9912ecc91c1b645a
at org.openqa.selenium.remote.ErrorCodec.decode(ErrorCodec.java:167)
at org.openqa.selenium.remote.codec.w3c.W3CHttpResponseCodec.decode(W3CHttpResponseCodec.java:138)
at org.openqa.selenium.remote.codec.w3c.W3CHttpResponseCodec.decode(W3CHttpResponseCodec.java:50)
at org.openqa.selenium.remote.HttpCommandExecutor.execute(HttpCommandExecutor.java:190)
at org.openqa.selenium.remote.service.DriverCommandExecutor.invokeExecute(DriverCommandExecutor.java:216)
at org.openqa.selenium.remote.service.DriverCommandExecutor.execute(DriverCommandExecutor.java:174)
at org.openqa.selenium.remote.RemoteWebDriver.execute(RemoteWebDriver.java:519)
at org.openqa.selenium.remote.ElementLocation$ElementFinder$2.findElement(ElementLocation.java:165)
at org.openqa.selenium.remote.ElementLocation.findElement(ElementLocation.java:66)
at org.openqa.selenium.remote.RemoteWebDriver.findElement(RemoteWebDriver.java:356)
at org.openqa.selenium.remote.RemoteWebDriver.findElement(RemoteWebDriver.java:350)
at org.openqa.selenium.support.pagefactory.DefaultElementLocator.findElement(DefaultElementLocator.java:68)
at org.openqa.selenium.support.pagefactory.internal.LocatingElementHandler.invoke(LocatingElementHandler.java:38)
at jdk.proxy2/jdk.proxy2.$Proxy9.isDisplayed(Unknown Source)
at org.openqa.selenium.support.ui.ExpectedConditions.elementIfVisible(ExpectedConditions.java:304)
at org.openqa.selenium.support.ui.ExpectedConditions$10.apply(ExpectedConditions.java:290)
at org.openqa.selenium.support.ui.ExpectedConditions$10.apply(ExpectedConditions.java:287)
at org.openqa.selenium.support.ui.FluentWait.until(FluentWait.java:203)
... 35 more
... Removed 36 stack frames]]>
    </failure>
  </testcase> <!-- testLoginButtonVisibility -->
</testsuite> <!-- Login Tests -->
